This is pdfTeX, Version 3.141592653-2.6-1.40.28 (MiKTeX 25.12) (preloaded format=pdflatex 2026.2.28)  19 JUN 2026 17:42
entering extended mode
 restricted \write18 enabled.
 %&-line parsing enabled.
**./carboxylsyrer.tex
(carboxylsyrer.tex
LaTeX2e <2025-11-01>
L3 programming layer <2025-12-24>

(C:\Users\ghfhv\AppData\Local\Programs\MiKTeX2\tex/latex/standalone\standalone.
cls
Document Class: standalone 2025/02/22 v1.5a Class to compile TeX sub-files stan
dalone
(C:\Users\ghfhv\AppData\Local\Programs\MiKTeX2\tex/latex/tools\shellesc.sty
Package: shellesc 2023/07/08 v1.0d unified shell escape interface for LaTeX
Package shellesc Info: Restricted shell escape enabled on input line 77.
)
(C:\Users\ghfhv\AppData\Local\Programs\MiKTeX2\tex/generic/iftex\ifluatex.sty
Package: ifluatex 2019/10/25 v1.5 ifluatex legacy package. Use iftex instead.

(C:\Users\ghfhv\AppData\Local\Programs\MiKTeX2\tex/generic/iftex\iftex.sty
Package: iftex 2024/12/12 v1.0g TeX engine tests
))
(C:\Users\ghfhv\AppData\Local\Programs\MiKTeX2\tex/latex/xkeyval\xkeyval.sty
Package: xkeyval 2022/06/16 v2.9 package option processing (HA)

(C:\Users\ghfhv\AppData\Local\Programs\MiKTeX2\tex/generic/xkeyval\xkeyval.tex
(C:\Users\ghfhv\AppData\Local\Programs\MiKTeX2\tex/generic/xkeyval\xkvutils.tex
\XKV@toks=\toks17
\XKV@tempa@toks=\toks18
(C:\Users\ghfhv\AppData\Local\Programs\MiKTeX2\tex/generic/xkeyval\keyval.tex))
\XKV@depth=\count275
File: xkeyval.tex 2014/12/03 v2.7a key=value parser (HA)
))
\sa@internal=\count276
\c@sapage=\count277

(C:\Users\ghfhv\AppData\Local\Programs\MiKTeX2\tex/latex/standalone\standalone.
cfg
File: standalone.cfg 2025/02/22 v1.5a Default configuration file for 'standalon
e' class
) (C:\Users\ghfhv\AppData\Local\Programs\MiKTeX2\tex/latex/base\article.cls
Document Class: article 2025/01/22 v1.4n Standard LaTeX document class
(C:\Users\ghfhv\AppData\Local\Programs\MiKTeX2\tex/latex/base\size10.clo
File: size10.clo 2025/01/22 v1.4n Standard LaTeX file (size option)
)
\c@part=\count278
\c@section=\count279
\c@subsection=\count280
\c@subsubsection=\count281
\c@paragraph=\count282
\c@subparagraph=\count283
\c@figure=\count284
\c@table=\count285
\abovecaptionskip=\skip49
\belowcaptionskip=\skip50
\bibindent=\dimen148
)
\sa@box=\box53
)
(C:\Users\ghfhv\AppData\Local\Programs\MiKTeX2\tex/latex/chemfig\chemfig.sty
(C:\Users\ghfhv\AppData\Local\Programs\MiKTeX2\tex/latex/pgf/frontendlayer\tikz
.sty
(C:\Users\ghfhv\AppData\Local\Programs\MiKTeX2\tex/latex/pgf/basiclayer\pgf.sty

(C:\Users\ghfhv\AppData\Local\Programs\MiKTeX2\tex/latex/pgf/utilities\pgfrcs.s
ty
(C:\Users\ghfhv\AppData\Local\Programs\MiKTeX2\tex/generic/pgf/utilities\pgfuti
l-common.tex
\pgfutil@everybye=\toks19
\pgfutil@tempdima=\dimen149
\pgfutil@tempdimb=\dimen150
)
(C:\Users\ghfhv\AppData\Local\Programs\MiKTeX2\tex/generic/pgf/utilities\pgfuti
l-latex.def
\pgfutil@abb=\box54
)
(C:\Users\ghfhv\AppData\Local\Programs\MiKTeX2\tex/generic/pgf/utilities\pgfrcs
.code.tex
(C:\Users\ghfhv\AppData\Local\Programs\MiKTeX2\tex/generic/pgf\pgf.revision.tex
)
Package: pgfrcs 2025-08-29 v3.1.11a (3.1.11a)
))
Package: pgf 2025-08-29 v3.1.11a (3.1.11a)

(C:\Users\ghfhv\AppData\Local\Programs\MiKTeX2\tex/latex/pgf/basiclayer\pgfcore
.sty
(C:\Users\ghfhv\AppData\Local\Programs\MiKTeX2\tex/latex/graphics\graphicx.sty
Package: graphicx 2024/12/31 v1.2e Enhanced LaTeX Graphics (DPC,SPQR)

(C:\Users\ghfhv\AppData\Local\Programs\MiKTeX2\tex/latex/graphics\graphics.sty
Package: graphics 2024/08/06 v1.4g Standard LaTeX Graphics (DPC,SPQR)

(C:\Users\ghfhv\AppData\Local\Programs\MiKTeX2\tex/latex/graphics\trig.sty
Package: trig 2023/12/02 v1.11 sin cos tan (DPC)
)
(C:\Users\ghfhv\AppData\Local\Programs\MiKTeX2\tex/latex/graphics-cfg\graphics.
cfg
File: graphics.cfg 2016/06/04 v1.11 sample graphics configuration
)
Package graphics Info: Driver file: pdftex.def on input line 106.

(C:\Users\ghfhv\AppData\Local\Programs\MiKTeX2\tex/latex/graphics-def\pdftex.de
f
File: pdftex.def 2025/09/29 v1.2d Graphics/color driver for pdftex
))
\Gin@req@height=\dimen151
\Gin@req@width=\dimen152
)
(C:\Users\ghfhv\AppData\Local\Programs\MiKTeX2\tex/latex/pgf/systemlayer\pgfsys
.sty
(C:\Users\ghfhv\AppData\Local\Programs\MiKTeX2\tex/generic/pgf/systemlayer\pgfs
ys.code.tex
Package: pgfsys 2025-08-29 v3.1.11a (3.1.11a)

(C:\Users\ghfhv\AppData\Local\Programs\MiKTeX2\tex/generic/pgf/utilities\pgfkey
s.code.tex
\pgfkeys@pathtoks=\toks20
\pgfkeys@temptoks=\toks21

(C:\Users\ghfhv\AppData\Local\Programs\MiKTeX2\tex/generic/pgf/utilities\pgfkey
slibraryfiltered.code.tex
\pgfkeys@tmptoks=\toks22
))
\pgf@x=\dimen153
\pgf@y=\dimen154
\pgf@xa=\dimen155
\pgf@ya=\dimen156
\pgf@xb=\dimen157
\pgf@yb=\dimen158
\pgf@xc=\dimen159
\pgf@yc=\dimen160
\pgf@xd=\dimen161
\pgf@yd=\dimen162
\w@pgf@writea=\write3
\r@pgf@reada=\read2
\c@pgf@counta=\count286
\c@pgf@countb=\count287
\c@pgf@countc=\count288
\c@pgf@countd=\count289
\t@pgf@toka=\toks23
\t@pgf@tokb=\toks24
\t@pgf@tokc=\toks25
\pgf@sys@id@count=\count290

(C:\Users\ghfhv\AppData\Local\Programs\MiKTeX2\tex/generic/pgf/systemlayer\pgf.
cfg
File: pgf.cfg 2025-08-29 v3.1.11a (3.1.11a)
)
Driver file for pgf: pgfsys-pdftex.def

(C:\Users\ghfhv\AppData\Local\Programs\MiKTeX2\tex/generic/pgf/systemlayer\pgfs
ys-pdftex.def
File: pgfsys-pdftex.def 2025-08-29 v3.1.11a (3.1.11a)

(C:\Users\ghfhv\AppData\Local\Programs\MiKTeX2\tex/generic/pgf/systemlayer\pgfs
ys-common-pdf.def
File: pgfsys-common-pdf.def 2025-08-29 v3.1.11a (3.1.11a)
)))
(C:\Users\ghfhv\AppData\Local\Programs\MiKTeX2\tex/generic/pgf/systemlayer\pgfs
yssoftpath.code.tex
File: pgfsyssoftpath.code.tex 2025-08-29 v3.1.11a (3.1.11a)
\pgfsyssoftpath@smallbuffer@items=\count291
\pgfsyssoftpath@bigbuffer@items=\count292
)
(C:\Users\ghfhv\AppData\Local\Programs\MiKTeX2\tex/generic/pgf/systemlayer\pgfs
ysprotocol.code.tex
File: pgfsysprotocol.code.tex 2025-08-29 v3.1.11a (3.1.11a)
))
(C:\Users\ghfhv\AppData\Local\Programs\MiKTeX2\tex/latex/xcolor\xcolor.sty
Package: xcolor 2024/09/29 v3.02 LaTeX color extensions (UK)

(C:\Users\ghfhv\AppData\Local\Programs\MiKTeX2\tex/latex/graphics-cfg\color.cfg
File: color.cfg 2016/01/02 v1.6 sample color configuration
)
Package xcolor Info: Driver file: pdftex.def on input line 274.

(C:\Users\ghfhv\AppData\Local\Programs\MiKTeX2\tex/latex/graphics\mathcolor.ltx
)
Package xcolor Info: Model `cmy' substituted by `cmy0' on input line 1349.
Package xcolor Info: Model `hsb' substituted by `rgb' on input line 1353.
Package xcolor Info: Model `RGB' extended on input line 1365.
Package xcolor Info: Model `HTML' substituted by `rgb' on input line 1367.
Package xcolor Info: Model `Hsb' substituted by `hsb' on input line 1368.
Package xcolor Info: Model `tHsb' substituted by `hsb' on input line 1369.
Package xcolor Info: Model `HSB' substituted by `hsb' on input line 1370.
Package xcolor Info: Model `Gray' substituted by `gray' on input line 1371.
Package xcolor Info: Model `wave' substituted by `hsb' on input line 1372.
)
(C:\Users\ghfhv\AppData\Local\Programs\MiKTeX2\tex/generic/pgf/basiclayer\pgfco
re.code.tex
Package: pgfcore 2025-08-29 v3.1.11a (3.1.11a)

(C:\Users\ghfhv\AppData\Local\Programs\MiKTeX2\tex/generic/pgf/math\pgfmath.cod
e.tex
(C:\Users\ghfhv\AppData\Local\Programs\MiKTeX2\tex/generic/pgf/math\pgfmathutil
.code.tex)
(C:\Users\ghfhv\AppData\Local\Programs\MiKTeX2\tex/generic/pgf/math\pgfmathpars
er.code.tex
\pgfmath@dimen=\dimen163
\pgfmath@count=\count293
\pgfmath@box=\box55
\pgfmath@toks=\toks26
\pgfmath@stack@operand=\toks27
\pgfmath@stack@operation=\toks28
)
(C:\Users\ghfhv\AppData\Local\Programs\MiKTeX2\tex/generic/pgf/math\pgfmathfunc
tions.code.tex)
(C:\Users\ghfhv\AppData\Local\Programs\MiKTeX2\tex/generic/pgf/math\pgfmathfunc
tions.basic.code.tex)
(C:\Users\ghfhv\AppData\Local\Programs\MiKTeX2\tex/generic/pgf/math\pgfmathfunc
tions.trigonometric.code.tex)
(C:\Users\ghfhv\AppData\Local\Programs\MiKTeX2\tex/generic/pgf/math\pgfmathfunc
tions.random.code.tex)
(C:\Users\ghfhv\AppData\Local\Programs\MiKTeX2\tex/generic/pgf/math\pgfmathfunc
tions.comparison.code.tex)
(C:\Users\ghfhv\AppData\Local\Programs\MiKTeX2\tex/generic/pgf/math\pgfmathfunc
tions.base.code.tex)
(C:\Users\ghfhv\AppData\Local\Programs\MiKTeX2\tex/generic/pgf/math\pgfmathfunc
tions.round.code.tex)
(C:\Users\ghfhv\AppData\Local\Programs\MiKTeX2\tex/generic/pgf/math\pgfmathfunc
tions.misc.code.tex)
(C:\Users\ghfhv\AppData\Local\Programs\MiKTeX2\tex/generic/pgf/math\pgfmathfunc
tions.integerarithmetics.code.tex)
(C:\Users\ghfhv\AppData\Local\Programs\MiKTeX2\tex/generic/pgf/math\pgfmathcalc
.code.tex)
(C:\Users\ghfhv\AppData\Local\Programs\MiKTeX2\tex/generic/pgf/math\pgfmathfloa
t.code.tex
\c@pgfmathroundto@lastzeros=\count294
))
(C:\Users\ghfhv\AppData\Local\Programs\MiKTeX2\tex/generic/pgf/math\pgfint.code
.tex)
(C:\Users\ghfhv\AppData\Local\Programs\MiKTeX2\tex/generic/pgf/basiclayer\pgfco
repoints.code.tex
File: pgfcorepoints.code.tex 2025-08-29 v3.1.11a (3.1.11a)
\pgf@picminx=\dimen164
\pgf@picmaxx=\dimen165
\pgf@picminy=\dimen166
\pgf@picmaxy=\dimen167
\pgf@pathminx=\dimen168
\pgf@pathmaxx=\dimen169
\pgf@pathminy=\dimen170
\pgf@pathmaxy=\dimen171
\pgf@xx=\dimen172
\pgf@xy=\dimen173
\pgf@yx=\dimen174
\pgf@yy=\dimen175
\pgf@zx=\dimen176
\pgf@zy=\dimen177
)
(C:\Users\ghfhv\AppData\Local\Programs\MiKTeX2\tex/generic/pgf/basiclayer\pgfco
repathconstruct.code.tex
File: pgfcorepathconstruct.code.tex 2025-08-29 v3.1.11a (3.1.11a)
\pgf@path@lastx=\dimen178
\pgf@path@lasty=\dimen179
)
(C:\Users\ghfhv\AppData\Local\Programs\MiKTeX2\tex/generic/pgf/basiclayer\pgfco
repathusage.code.tex
File: pgfcorepathusage.code.tex 2025-08-29 v3.1.11a (3.1.11a)
\pgf@shorten@end@additional=\dimen180
\pgf@shorten@start@additional=\dimen181
)
(C:\Users\ghfhv\AppData\Local\Programs\MiKTeX2\tex/generic/pgf/basiclayer\pgfco
rescopes.code.tex
File: pgfcorescopes.code.tex 2025-08-29 v3.1.11a (3.1.11a)
\pgfpic=\box56
\pgf@hbox=\box57
\pgf@layerbox@main=\box58
\pgf@picture@serial@count=\count295
)
(C:\Users\ghfhv\AppData\Local\Programs\MiKTeX2\tex/generic/pgf/basiclayer\pgfco
regraphicstate.code.tex
File: pgfcoregraphicstate.code.tex 2025-08-29 v3.1.11a (3.1.11a)
\pgflinewidth=\dimen182
)
(C:\Users\ghfhv\AppData\Local\Programs\MiKTeX2\tex/generic/pgf/basiclayer\pgfco
retransformations.code.tex
File: pgfcoretransformations.code.tex 2025-08-29 v3.1.11a (3.1.11a)
\pgf@pt@x=\dimen183
\pgf@pt@y=\dimen184
\pgf@pt@temp=\dimen185
)
(C:\Users\ghfhv\AppData\Local\Programs\MiKTeX2\tex/generic/pgf/basiclayer\pgfco
requick.code.tex
File: pgfcorequick.code.tex 2025-08-29 v3.1.11a (3.1.11a)
)
(C:\Users\ghfhv\AppData\Local\Programs\MiKTeX2\tex/generic/pgf/basiclayer\pgfco
reobjects.code.tex
File: pgfcoreobjects.code.tex 2025-08-29 v3.1.11a (3.1.11a)
)
(C:\Users\ghfhv\AppData\Local\Programs\MiKTeX2\tex/generic/pgf/basiclayer\pgfco
repathprocessing.code.tex
File: pgfcorepathprocessing.code.tex 2025-08-29 v3.1.11a (3.1.11a)
)
(C:\Users\ghfhv\AppData\Local\Programs\MiKTeX2\tex/generic/pgf/basiclayer\pgfco
rearrows.code.tex
File: pgfcorearrows.code.tex 2025-08-29 v3.1.11a (3.1.11a)
\pgfarrowsep=\dimen186
)
(C:\Users\ghfhv\AppData\Local\Programs\MiKTeX2\tex/generic/pgf/basiclayer\pgfco
reshade.code.tex
File: pgfcoreshade.code.tex 2025-08-29 v3.1.11a (3.1.11a)
\pgf@max=\dimen187
\pgf@sys@shading@range@num=\count296
\pgf@shadingcount=\count297
)
(C:\Users\ghfhv\AppData\Local\Programs\MiKTeX2\tex/generic/pgf/basiclayer\pgfco
reimage.code.tex
File: pgfcoreimage.code.tex 2025-08-29 v3.1.11a (3.1.11a)
)
(C:\Users\ghfhv\AppData\Local\Programs\MiKTeX2\tex/generic/pgf/basiclayer\pgfco
reexternal.code.tex
File: pgfcoreexternal.code.tex 2025-08-29 v3.1.11a (3.1.11a)
\pgfexternal@startupbox=\box59
)
(C:\Users\ghfhv\AppData\Local\Programs\MiKTeX2\tex/generic/pgf/basiclayer\pgfco
relayers.code.tex
File: pgfcorelayers.code.tex 2025-08-29 v3.1.11a (3.1.11a)
)
(C:\Users\ghfhv\AppData\Local\Programs\MiKTeX2\tex/generic/pgf/basiclayer\pgfco
retransparency.code.tex
File: pgfcoretransparency.code.tex 2025-08-29 v3.1.11a (3.1.11a)
)
(C:\Users\ghfhv\AppData\Local\Programs\MiKTeX2\tex/generic/pgf/basiclayer\pgfco
repatterns.code.tex
File: pgfcorepatterns.code.tex 2025-08-29 v3.1.11a (3.1.11a)
)
(C:\Users\ghfhv\AppData\Local\Programs\MiKTeX2\tex/generic/pgf/basiclayer\pgfco
rerdf.code.tex
File: pgfcorerdf.code.tex 2025-08-29 v3.1.11a (3.1.11a)
)))
(C:\Users\ghfhv\AppData\Local\Programs\MiKTeX2\tex/generic/pgf/modules\pgfmodul
eshapes.code.tex
File: pgfmoduleshapes.code.tex 2025-08-29 v3.1.11a (3.1.11a)
\pgfnodeparttextbox=\box60
)
(C:\Users\ghfhv\AppData\Local\Programs\MiKTeX2\tex/generic/pgf/modules\pgfmodul
eplot.code.tex
File: pgfmoduleplot.code.tex 2025-08-29 v3.1.11a (3.1.11a)
)
(C:\Users\ghfhv\AppData\Local\Programs\MiKTeX2\tex/latex/pgf/compatibility\pgfc
omp-version-0-65.sty
Package: pgfcomp-version-0-65 2025-08-29 v3.1.11a (3.1.11a)
\pgf@nodesepstart=\dimen188
\pgf@nodesepend=\dimen189
)
(C:\Users\ghfhv\AppData\Local\Programs\MiKTeX2\tex/latex/pgf/compatibility\pgfc
omp-version-1-18.sty
Package: pgfcomp-version-1-18 2025-08-29 v3.1.11a (3.1.11a)
))
(C:\Users\ghfhv\AppData\Local\Programs\MiKTeX2\tex/latex/pgf/utilities\pgffor.s
ty
(C:\Users\ghfhv\AppData\Local\Programs\MiKTeX2\tex/latex/pgf/utilities\pgfkeys.
sty
(C:\Users\ghfhv\AppData\Local\Programs\MiKTeX2\tex/generic/pgf/utilities\pgfkey
s.code.tex))
(C:\Users\ghfhv\AppData\Local\Programs\MiKTeX2\tex/latex/pgf/math\pgfmath.sty
(C:\Users\ghfhv\AppData\Local\Programs\MiKTeX2\tex/generic/pgf/math\pgfmath.cod
e.tex))
(C:\Users\ghfhv\AppData\Local\Programs\MiKTeX2\tex/generic/pgf/utilities\pgffor
.code.tex
Package: pgffor 2025-08-29 v3.1.11a (3.1.11a)
\pgffor@iter=\dimen190
\pgffor@skip=\dimen191
\pgffor@stack=\toks29
\pgffor@toks=\toks30
))
(C:\Users\ghfhv\AppData\Local\Programs\MiKTeX2\tex/generic/pgf/frontendlayer/ti
kz\tikz.code.tex
Package: tikz 2025-08-29 v3.1.11a (3.1.11a)

(C:\Users\ghfhv\AppData\Local\Programs\MiKTeX2\tex/generic/pgf/libraries\pgflib
raryplothandlers.code.tex
File: pgflibraryplothandlers.code.tex 2025-08-29 v3.1.11a (3.1.11a)
\pgf@plot@mark@count=\count298
\pgfplotmarksize=\dimen192
)
\tikz@lastx=\dimen193
\tikz@lasty=\dimen194
\tikz@lastxsaved=\dimen195
\tikz@lastysaved=\dimen196
\tikz@lastmovetox=\dimen197
\tikz@lastmovetoy=\dimen198
\tikzleveldistance=\dimen199
\tikzsiblingdistance=\dimen256
\tikz@figbox=\box61
\tikz@figbox@bg=\box62
\tikz@tempbox=\box63
\tikz@tempbox@bg=\box64
\tikztreelevel=\count299
\tikznumberofchildren=\count300
\tikznumberofcurrentchild=\count301
\tikz@fig@count=\count302

(C:\Users\ghfhv\AppData\Local\Programs\MiKTeX2\tex/generic/pgf/modules\pgfmodul
ematrix.code.tex
File: pgfmodulematrix.code.tex 2025-08-29 v3.1.11a (3.1.11a)
\pgfmatrixcurrentrow=\count303
\pgfmatrixcurrentcolumn=\count304
\pgf@matrix@numberofcolumns=\count305
)
\tikz@expandcount=\count306

(C:\Users\ghfhv\AppData\Local\Programs\MiKTeX2\tex/generic/pgf/frontendlayer/ti
kz/libraries\tikzlibrarytopaths.code.tex
File: tikzlibrarytopaths.code.tex 2025-08-29 v3.1.11a (3.1.11a)
)))
(C:\Users\ghfhv\AppData\Local\Programs\MiKTeX2\tex/generic/chemfig\chemfig.tex
(C:\Users\ghfhv\AppData\Local\Programs\MiKTeX2\tex/generic/simplekv\simplekv.te
x
Package: simplekv 2025/06/15 v0.32 Simple keyval package (CT)
)
(C:\Users\ghfhv\AppData\Local\Programs\MiKTeX2\tex/generic/pgf/libraries\pgflib
raryarrows.meta.code.tex
File: pgflibraryarrows.meta.code.tex 2025-08-29 v3.1.11a (3.1.11a)
\pgfarrowinset=\dimen257
\pgfarrowlength=\dimen258
\pgfarrowwidth=\dimen259
\pgfarrowlinewidth=\dimen260
)
\CF_cnt_atomgroup=\count307
\CF_cnt_group=\count308
\CF_cnt_atom=\count309
\CF_cnt_cycle=\count310
\CF_cnt_cyclebonds=\count311
\CF_cnt_compound=\count312
\CF_dim=\dimen261
\CF_turnangle=\dimen262
\CF_arrowsize=\dimen263
\CF_zero=\dimen264
\CF_box=\box65
\CF_boxstuff=\box66
\CF_testbox=\box67
\CF_chargebox=\box68
\CF_substtoks=\toks31
\CF_harrow_boxup=\box69
\CF_harrow_boxdown=\box70
\CF_hreact_cnt=\count313
)
Package: chemfig 2025/10/30 v1.71 Draw molecule with an easy syntax (CT)
)
(C:\Users\ghfhv\AppData\Local\Programs\MiKTeX2\tex/latex/l3backend\l3backend-pd
ftex.def
File: l3backend-pdftex.def 2025-10-09 L3 backend support: PDF output (pdfTeX)
\l__color_backend_stack_int=\count314
) (carboxylsyrer.aux)
\openout1 = `carboxylsyrer.aux'.

LaTeX Font Info:    Checking defaults for OML/cmm/m/it on input line 6.
LaTeX Font Info:    ... okay on input line 6.
LaTeX Font Info:    Checking defaults for OMS/cmsy/m/n on input line 6.
LaTeX Font Info:    ... okay on input line 6.
LaTeX Font Info:    Checking defaults for OT1/cmr/m/n on input line 6.
LaTeX Font Info:    ... okay on input line 6.
LaTeX Font Info:    Checking defaults for T1/cmr/m/n on input line 6.
LaTeX Font Info:    ... okay on input line 6.
LaTeX Font Info:    Checking defaults for TS1/cmr/m/n on input line 6.
LaTeX Font Info:    ... okay on input line 6.
LaTeX Font Info:    Checking defaults for OMX/cmex/m/n on input line 6.
LaTeX Font Info:    ... okay on input line 6.
LaTeX Font Info:    Checking defaults for U/cmr/m/n on input line 6.
LaTeX Font Info:    ... okay on input line 6.

(C:\Users\ghfhv\AppData\Local\Programs\MiKTeX2\tex/context/base/mkii\supp-pdf.m
kii
[Loading MPS to PDF converter (version 2006.09.02).]
\scratchcounter=\count315
\scratchdimen=\dimen265
\scratchbox=\box71
\nofMPsegments=\count316
\nofMParguments=\count317
\everyMPshowfont=\toks32
\MPscratchCnt=\count318
\MPscratchDim=\dimen266
\MPnumerator=\count319
\makeMPintoPDFobject=\count320
\everyMPtoPDFconversion=\toks33
)
(C:\Users\ghfhv\AppData\Local\Programs\MiKTeX2\tex/latex/epstopdf-pkg\epstopdf-
base.sty
Package: epstopdf-base 2020-01-24 v2.11 Base part for package epstopdf
Package epstopdf-base Info: Redefining graphics rule for `.eps' on input line 4
85.

(C:\Users\ghfhv\AppData\Local\Programs\MiKTeX2\tex/latex/00miktex\epstopdf-sys.
cfg
File: epstopdf-sys.cfg 2021/03/18 v2.0 Configuration of epstopdf for MiKTeX
))
LaTeX Font Info:    External font `cmex10' loaded for size
(Font)              <7> on input line 16.
LaTeX Font Info:    External font `cmex10' loaded for size
(Font)              <5> on input line 16.
 [1


Non-PDF special ignored!
<special> papersize=126.5696pt,57.58334pt
{C:/Users/ghfhv/AppData/Local/MiKTeX/fonts/map/pdftex/pdftex.map}]
(carboxylsyrer.aux)
 ***********
LaTeX2e <2025-11-01>
L3 programming layer <2025-12-24>
 ***********


LaTeX Warning: Label(s) may have changed. Rerun to get cross-references right.

 ) 
Here is how much of TeX's memory you used:
 13746 strings out of 467871
 288285 string characters out of 5417895
 677662 words of memory out of 5000000
 42420 multiletter control sequences out of 15000+600000
 627721 words of font info for 40 fonts, out of 8000000 for 9000
 1141 hyphenation exceptions out of 8191
 117i,7n,121p,432b,734s stack positions out of 10000i,1000n,20000p,200000b,200000s
<C:/Users/ghfhv/AppData/Local/Programs/MiKTeX2/fonts/type1/public/amsfonts/cm
/cmr10.pfb><C:/Users/ghfhv/AppData/Local/Programs/MiKTeX2/fonts/type1/public/am
sfonts/cm/cmr7.pfb><C:/Users/ghfhv/AppData/Local/Programs/MiKTeX2/fonts/type1/p
ublic/amsfonts/cm/cmsy10.pfb>
Output written on carboxylsyrer.pdf (1 page, 29408 bytes).
PDF statistics:
 24 PDF objects out of 1000 (max. 8388607)
 0 named destinations out of 1000 (max. 500000)
 13 words of extra memory for PDF output out of 10000 (max. 10000000)

