This is LuaHBTeX, Version 1.24.0 (MiKTeX 25.12) (format=lualatex 2026.2.28)  21 JUN 2026 18:41
 restricted system commands enabled.
**estere.tex
(./estere.tex
LaTeX2e <2025-11-01>
L3 programming layer <2025-12-24>
Lua module: luaotfload 2024-12-03 v3.29 Lua based OpenType font support
Lua module: lualibs 2023-07-13 v2.76 ConTeXt Lua standard libraries.
Lua module: lualibs-extended 2023-07-13 v2.76 ConTeXt Lua libraries -- extended 
collection.
luaotfload | conf : Root cache directory is "C:/Users/ghfhv/AppData/Local/MiKTeX
/luatex-cache/generic/names".
luaotfload | init : Loading fontloader "fontloader-2023-12-28.lua" from kpse-res
olved path "C:/Users/ghfhv/AppData/Local/Programs/MiKTeX2/tex/luatex/luaotfload/
fontloader-2023-12-28.lua".
Lua-only attribute luaotfload@noligature = 1
luaotfload | init : Context OpenType loader version 3.134
Inserting `luaotfload.node_processor' in `pre_linebreak_filter'.
Inserting `luaotfload.node_processor' in `hpack_filter'.
Inserting `luaotfload.glyph_stream' in `glyph_stream_provider'.
Inserting `luaotfload.define_font' in `define_font'.
Lua-only attribute luaotfload_color_attribute = 2
luaotfload | conf : Root cache directory is "C:/Users/ghfhv/AppData/Local/MiKTeX
/luatex-cache/generic/names".
Inserting `luaotfload.harf.strip_prefix' in `find_opentype_file'.
Inserting `luaotfload.harf.strip_prefix' in `find_truetype_file'.
Removing  `luaotfload.glyph_stream' from `glyph_stream_provider'.
Inserting `luaotfload.harf.glyphstream' in `glyph_stream_provider'.
Inserting `luaotfload.harf.finalize_vlist' in `post_linebreak_filter'.
Inserting `luaotfload.harf.finalize_hlist' in `hpack_filter'.
Inserting `luaotfload.cleanup_files' in `wrapup_run'.
Inserting `luaotfload.harf.finalize_unicode' in `finish_pdffile'.
Inserting `luaotfload.glyphinfo' in `glyph_info'.
Lua-only attribute luaotfload.letterspace_done = 3
Inserting `luaotfload.aux.set_sscale_dimens' in `luaotfload.patch_font'.
Inserting `luaotfload.aux.set_font_index' in `luaotfload.patch_font'.
Inserting `luaotfload.aux.patch_cambria_domh' in `luaotfload.patch_font'.
Inserting `luaotfload.aux.fixup_fontdata' in `luaotfload.patch_font_unsafe'.
Inserting `luaotfload.aux.set_capheight' in `luaotfload.patch_font'.
Inserting `luaotfload.aux.set_xheight' in `luaotfload.patch_font'.
Inserting `luaotfload.rewrite_fontname' in `luaotfload.patch_font'.
Inserting `tracingstacklevels' in `input_level_string'.
(C:/Users/ghfhv/AppData/Local/Programs/MiKTeX2/tex/latex/standalone/standalone.
cls
Document Class: standalone 2025/02/22 v1.5a Class to compile TeX sub-files stan
dalone
(C:/Users/ghfhv/AppData/Local/Programs/MiKTeX2/tex/latex/tools/shellesc.sty
Package: shellesc 2023/07/08 v1.0d unified shell escape interface for LaTeX
Package shellesc Info: Restricted shell escape enabled on input line 77.
)
(C:/Users/ghfhv/AppData/Local/Programs/MiKTeX2/tex/generic/iftex/ifluatex.sty
Package: ifluatex 2019/10/25 v1.5 ifluatex legacy package. Use iftex instead.

(C:/Users/ghfhv/AppData/Local/Programs/MiKTeX2/tex/generic/iftex/iftex.sty
Package: iftex 2024/12/12 v1.0g TeX engine tests
))
(C:/Users/ghfhv/AppData/Local/Programs/MiKTeX2/tex/latex/xkeyval/xkeyval.sty
Package: xkeyval 2022/06/16 v2.9 package option processing (HA)

(C:/Users/ghfhv/AppData/Local/Programs/MiKTeX2/tex/generic/xkeyval/xkeyval.tex
(C:/Users/ghfhv/AppData/Local/Programs/MiKTeX2/tex/generic/xkeyval/xkvutils.tex
\XKV@toks=\toks17
\XKV@tempa@toks=\toks18
(C:/Users/ghfhv/AppData/Local/Programs/MiKTeX2/tex/generic/xkeyval/keyval.tex))
\XKV@depth=\count273
File: xkeyval.tex 2014/12/03 v2.7a key=value parser (HA)
))
\sa@internal=\count274
\c@sapage=\count275

(C:/Users/ghfhv/AppData/Local/Programs/MiKTeX2/tex/latex/standalone/standalone.
cfg
File: standalone.cfg 2025/02/22 v1.5a Default configuration file for 'standalon
e' class
) (C:/Users/ghfhv/AppData/Local/Programs/MiKTeX2/tex/latex/base/article.cls
Document Class: article 2025/01/22 v1.4n Standard LaTeX document class
(C:/Users/ghfhv/AppData/Local/Programs/MiKTeX2/tex/latex/base/size10.clo
File: size10.clo 2025/01/22 v1.4n Standard LaTeX file (size option)
luaotfload | db : Font names database loaded from C:/Users/ghfhv/AppData/Local/M
iKTeX/luatex-cache/generic/names/luaotfload-names.luc.gz)
\c@part=\count276
\c@section=\count277
\c@subsection=\count278
\c@subsubsection=\count279
\c@paragraph=\count280
\c@subparagraph=\count281
\c@figure=\count282
\c@table=\count283
\abovecaptionskip=\skip49
\belowcaptionskip=\skip50
\bibindent=\dimen147
)
(C:/Users/ghfhv/AppData/Local/Programs/MiKTeX2/tex/latex/luatex85/luatex85.sty
Package: luatex85 2016/06/15 v1.4 pdftex aliases for luatex
)
(C:/Users/ghfhv/AppData/Local/Programs/MiKTeX2/tex/generic/pdftexcmds/pdftexcmd
s.sty
Package: pdftexcmds 2020-06-27 v0.33 Utility functions of pdfTeX for LuaTeX (HO
)

(C:/Users/ghfhv/AppData/Local/Programs/MiKTeX2/tex/generic/infwarerr/infwarerr.
sty
Package: infwarerr 2019/12/03 v1.5 Providing info/warning/error messages (HO)
)
(C:/Users/ghfhv/AppData/Local/Programs/MiKTeX2/tex/generic/ltxcmds/ltxcmds.sty
Package: ltxcmds 2023-12-04 v1.26 LaTeX kernel commands for general use (HO)
)
Package pdftexcmds Info: \pdf@primitive is available.
Package pdftexcmds Info: \pdf@ifprimitive is available.
Package pdftexcmds Info: \pdfdraftmode found.
\pdftexcmds@toks=\toks19
)
\sa@box=\box53
) (C:/Users/ghfhv/AppData/Local/Programs/MiKTeX2/tex/latex/chemfig/chemfig.sty
(C:/Users/ghfhv/AppData/Local/Programs/MiKTeX2/tex/latex/pgf/frontendlayer/tikz
.sty
(C:/Users/ghfhv/AppData/Local/Programs/MiKTeX2/tex/latex/pgf/basiclayer/pgf.sty

(C:/Users/ghfhv/AppData/Local/Programs/MiKTeX2/tex/latex/pgf/utilities/pgfrcs.s
ty
(C:/Users/ghfhv/AppData/Local/Programs/MiKTeX2/tex/generic/pgf/utilities/pgfuti
l-common.tex
\pgfutil@everybye=\toks20
\pgfutil@tempdima=\dimen148
\pgfutil@tempdimb=\dimen149
)
(C:/Users/ghfhv/AppData/Local/Programs/MiKTeX2/tex/generic/pgf/utilities/pgfuti
l-latex.def
\pgfutil@abb=\box54
)
(C:/Users/ghfhv/AppData/Local/Programs/MiKTeX2/tex/generic/pgf/utilities/pgfrcs
.code.tex
(C:/Users/ghfhv/AppData/Local/Programs/MiKTeX2/tex/generic/pgf/pgf.revision.tex
)
Package: pgfrcs 2025-08-29 v3.1.11a (3.1.11a)
))
Package: pgf 2025-08-29 v3.1.11a (3.1.11a)

(C:/Users/ghfhv/AppData/Local/Programs/MiKTeX2/tex/latex/pgf/basiclayer/pgfcore
.sty
(C:/Users/ghfhv/AppData/Local/Programs/MiKTeX2/tex/latex/graphics/graphicx.sty
Package: graphicx 2024/12/31 v1.2e Enhanced LaTeX Graphics (DPC,SPQR)

(C:/Users/ghfhv/AppData/Local/Programs/MiKTeX2/tex/latex/graphics/graphics.sty
Package: graphics 2024/08/06 v1.4g Standard LaTeX Graphics (DPC,SPQR)

(C:/Users/ghfhv/AppData/Local/Programs/MiKTeX2/tex/latex/graphics/trig.sty
Package: trig 2023/12/02 v1.11 sin cos tan (DPC)
)
(C:/Users/ghfhv/AppData/Local/Programs/MiKTeX2/tex/latex/graphics-cfg/graphics.
cfg
File: graphics.cfg 2016/06/04 v1.11 sample graphics configuration
)
Package graphics Info: Driver file: luatex.def on input line 106.

(C:/Users/ghfhv/AppData/Local/Programs/MiKTeX2/tex/latex/graphics-def/luatex.de
f
File: luatex.def 2025/09/29 v1.2f Graphics/color driver for luatex
))
\Gin@req@height=\dimen150
\Gin@req@width=\dimen151
)
(C:/Users/ghfhv/AppData/Local/Programs/MiKTeX2/tex/latex/pgf/systemlayer/pgfsys
.sty
(C:/Users/ghfhv/AppData/Local/Programs/MiKTeX2/tex/generic/pgf/systemlayer/pgfs
ys.code.tex
Package: pgfsys 2025-08-29 v3.1.11a (3.1.11a)

(C:/Users/ghfhv/AppData/Local/Programs/MiKTeX2/tex/generic/pgf/utilities/pgfkey
s.code.tex
\pgfkeys@pathtoks=\toks21
\pgfkeys@temptoks=\toks22

(C:/Users/ghfhv/AppData/Local/Programs/MiKTeX2/tex/generic/pgf/utilities/pgfkey
slibraryfiltered.code.tex
\pgfkeys@tmptoks=\toks23
))
\pgf@x=\dimen152
\pgf@y=\dimen153
\pgf@xa=\dimen154
\pgf@ya=\dimen155
\pgf@xb=\dimen156
\pgf@yb=\dimen157
\pgf@xc=\dimen158
\pgf@yc=\dimen159
\pgf@xd=\dimen160
\pgf@yd=\dimen161
\w@pgf@writea=\write3
\r@pgf@reada=\read2
\c@pgf@counta=\count284
\c@pgf@countb=\count285
\c@pgf@countc=\count286
\c@pgf@countd=\count287
\t@pgf@toka=\toks24
\t@pgf@tokb=\toks25
\t@pgf@tokc=\toks26
\pgf@sys@id@count=\count288

(C:/Users/ghfhv/AppData/Local/Programs/MiKTeX2/tex/generic/pgf/systemlayer/pgf.
cfg
File: pgf.cfg 2025-08-29 v3.1.11a (3.1.11a)
)
Driver file for pgf: pgfsys-luatex.def

(C:/Users/ghfhv/AppData/Local/Programs/MiKTeX2/tex/generic/pgf/systemlayer/pgfs
ys-luatex.def
File: pgfsys-luatex.def 2025-08-29 v3.1.11a (3.1.11a)

(C:/Users/ghfhv/AppData/Local/Programs/MiKTeX2/tex/generic/pgf/systemlayer/pgfs
ys-common-pdf.def
File: pgfsys-common-pdf.def 2025-08-29 v3.1.11a (3.1.11a)
)))
(C:/Users/ghfhv/AppData/Local/Programs/MiKTeX2/tex/generic/pgf/systemlayer/pgfs
yssoftpath.code.tex
File: pgfsyssoftpath.code.tex 2025-08-29 v3.1.11a (3.1.11a)
\pgfsyssoftpath@smallbuffer@items=\count289
\pgfsyssoftpath@bigbuffer@items=\count290
)
(C:/Users/ghfhv/AppData/Local/Programs/MiKTeX2/tex/generic/pgf/systemlayer/pgfs
ysprotocol.code.tex
File: pgfsysprotocol.code.tex 2025-08-29 v3.1.11a (3.1.11a)
))
(C:/Users/ghfhv/AppData/Local/Programs/MiKTeX2/tex/latex/xcolor/xcolor.sty
Package: xcolor 2024/09/29 v3.02 LaTeX color extensions (UK)

(C:/Users/ghfhv/AppData/Local/Programs/MiKTeX2/tex/latex/graphics-cfg/color.cfg
File: color.cfg 2016/01/02 v1.6 sample color configuration
)
Package xcolor Info: Driver file: luatex.def on input line 274.

(C:/Users/ghfhv/AppData/Local/Programs/MiKTeX2/tex/latex/graphics/mathcolor.ltx
)
Package xcolor Info: Model `cmy' substituted by `cmy0' on input line 1349.
Package xcolor Info: Model `hsb' substituted by `rgb' on input line 1353.
Package xcolor Info: Model `RGB' extended on input line 1365.
Package xcolor Info: Model `HTML' substituted by `rgb' on input line 1367.
Package xcolor Info: Model `Hsb' substituted by `hsb' on input line 1368.
Package xcolor Info: Model `tHsb' substituted by `hsb' on input line 1369.
Package xcolor Info: Model `HSB' substituted by `hsb' on input line 1370.
Package xcolor Info: Model `Gray' substituted by `gray' on input line 1371.
Package xcolor Info: Model `wave' substituted by `hsb' on input line 1372.
)
(C:/Users/ghfhv/AppData/Local/Programs/MiKTeX2/tex/generic/pgf/basiclayer/pgfco
re.code.tex
Package: pgfcore 2025-08-29 v3.1.11a (3.1.11a)

(C:/Users/ghfhv/AppData/Local/Programs/MiKTeX2/tex/generic/pgf/math/pgfmath.cod
e.tex
(C:/Users/ghfhv/AppData/Local/Programs/MiKTeX2/tex/generic/pgf/math/pgfmathutil
.code.tex)
(C:/Users/ghfhv/AppData/Local/Programs/MiKTeX2/tex/generic/pgf/math/pgfmathpars
er.code.tex
\pgfmath@dimen=\dimen162
\pgfmath@count=\count291
\pgfmath@box=\box55
\pgfmath@toks=\toks27
\pgfmath@stack@operand=\toks28
\pgfmath@stack@operation=\toks29
)
(C:/Users/ghfhv/AppData/Local/Programs/MiKTeX2/tex/generic/pgf/math/pgfmathfunc
tions.code.tex)
(C:/Users/ghfhv/AppData/Local/Programs/MiKTeX2/tex/generic/pgf/math/pgfmathfunc
tions.basic.code.tex)
(C:/Users/ghfhv/AppData/Local/Programs/MiKTeX2/tex/generic/pgf/math/pgfmathfunc
tions.trigonometric.code.tex)
(C:/Users/ghfhv/AppData/Local/Programs/MiKTeX2/tex/generic/pgf/math/pgfmathfunc
tions.random.code.tex)
(C:/Users/ghfhv/AppData/Local/Programs/MiKTeX2/tex/generic/pgf/math/pgfmathfunc
tions.comparison.code.tex)
(C:/Users/ghfhv/AppData/Local/Programs/MiKTeX2/tex/generic/pgf/math/pgfmathfunc
tions.base.code.tex)
(C:/Users/ghfhv/AppData/Local/Programs/MiKTeX2/tex/generic/pgf/math/pgfmathfunc
tions.round.code.tex)
(C:/Users/ghfhv/AppData/Local/Programs/MiKTeX2/tex/generic/pgf/math/pgfmathfunc
tions.misc.code.tex)
(C:/Users/ghfhv/AppData/Local/Programs/MiKTeX2/tex/generic/pgf/math/pgfmathfunc
tions.integerarithmetics.code.tex)
(C:/Users/ghfhv/AppData/Local/Programs/MiKTeX2/tex/generic/pgf/math/pgfmathcalc
.code.tex)
(C:/Users/ghfhv/AppData/Local/Programs/MiKTeX2/tex/generic/pgf/math/pgfmathfloa
t.code.tex
\c@pgfmathroundto@lastzeros=\count292
))
(C:/Users/ghfhv/AppData/Local/Programs/MiKTeX2/tex/generic/pgf/math/pgfint.code
.tex)
(C:/Users/ghfhv/AppData/Local/Programs/MiKTeX2/tex/generic/pgf/basiclayer/pgfco
repoints.code.tex
File: pgfcorepoints.code.tex 2025-08-29 v3.1.11a (3.1.11a)
\pgf@picminx=\dimen163
\pgf@picmaxx=\dimen164
\pgf@picminy=\dimen165
\pgf@picmaxy=\dimen166
\pgf@pathminx=\dimen167
\pgf@pathmaxx=\dimen168
\pgf@pathminy=\dimen169
\pgf@pathmaxy=\dimen170
\pgf@xx=\dimen171
\pgf@xy=\dimen172
\pgf@yx=\dimen173
\pgf@yy=\dimen174
\pgf@zx=\dimen175
\pgf@zy=\dimen176
)
(C:/Users/ghfhv/AppData/Local/Programs/MiKTeX2/tex/generic/pgf/basiclayer/pgfco
repathconstruct.code.tex
File: pgfcorepathconstruct.code.tex 2025-08-29 v3.1.11a (3.1.11a)
\pgf@path@lastx=\dimen177
\pgf@path@lasty=\dimen178
)
(C:/Users/ghfhv/AppData/Local/Programs/MiKTeX2/tex/generic/pgf/basiclayer/pgfco
repathusage.code.tex
File: pgfcorepathusage.code.tex 2025-08-29 v3.1.11a (3.1.11a)
\pgf@shorten@end@additional=\dimen179
\pgf@shorten@start@additional=\dimen180
)
(C:/Users/ghfhv/AppData/Local/Programs/MiKTeX2/tex/generic/pgf/basiclayer/pgfco
rescopes.code.tex
File: pgfcorescopes.code.tex 2025-08-29 v3.1.11a (3.1.11a)
\pgfpic=\box56
\pgf@hbox=\box57
\pgf@layerbox@main=\box58
\pgf@picture@serial@count=\count293
)
(C:/Users/ghfhv/AppData/Local/Programs/MiKTeX2/tex/generic/pgf/basiclayer/pgfco
regraphicstate.code.tex
File: pgfcoregraphicstate.code.tex 2025-08-29 v3.1.11a (3.1.11a)
\pgflinewidth=\dimen181
)
(C:/Users/ghfhv/AppData/Local/Programs/MiKTeX2/tex/generic/pgf/basiclayer/pgfco
retransformations.code.tex
File: pgfcoretransformations.code.tex 2025-08-29 v3.1.11a (3.1.11a)
\pgf@pt@x=\dimen182
\pgf@pt@y=\dimen183
\pgf@pt@temp=\dimen184
)
(C:/Users/ghfhv/AppData/Local/Programs/MiKTeX2/tex/generic/pgf/basiclayer/pgfco
requick.code.tex
File: pgfcorequick.code.tex 2025-08-29 v3.1.11a (3.1.11a)
)
(C:/Users/ghfhv/AppData/Local/Programs/MiKTeX2/tex/generic/pgf/basiclayer/pgfco
reobjects.code.tex
File: pgfcoreobjects.code.tex 2025-08-29 v3.1.11a (3.1.11a)
)
(C:/Users/ghfhv/AppData/Local/Programs/MiKTeX2/tex/generic/pgf/basiclayer/pgfco
repathprocessing.code.tex
File: pgfcorepathprocessing.code.tex 2025-08-29 v3.1.11a (3.1.11a)
)
(C:/Users/ghfhv/AppData/Local/Programs/MiKTeX2/tex/generic/pgf/basiclayer/pgfco
rearrows.code.tex
File: pgfcorearrows.code.tex 2025-08-29 v3.1.11a (3.1.11a)
\pgfarrowsep=\dimen185
)
(C:/Users/ghfhv/AppData/Local/Programs/MiKTeX2/tex/generic/pgf/basiclayer/pgfco
reshade.code.tex
File: pgfcoreshade.code.tex 2025-08-29 v3.1.11a (3.1.11a)
\pgf@max=\dimen186
\pgf@sys@shading@range@num=\count294
\pgf@shadingcount=\count295
)
(C:/Users/ghfhv/AppData/Local/Programs/MiKTeX2/tex/generic/pgf/basiclayer/pgfco
reimage.code.tex
File: pgfcoreimage.code.tex 2025-08-29 v3.1.11a (3.1.11a)
)
(C:/Users/ghfhv/AppData/Local/Programs/MiKTeX2/tex/generic/pgf/basiclayer/pgfco
reexternal.code.tex
File: pgfcoreexternal.code.tex 2025-08-29 v3.1.11a (3.1.11a)
\pgfexternal@startupbox=\box59
)
(C:/Users/ghfhv/AppData/Local/Programs/MiKTeX2/tex/generic/pgf/basiclayer/pgfco
relayers.code.tex
File: pgfcorelayers.code.tex 2025-08-29 v3.1.11a (3.1.11a)
)
(C:/Users/ghfhv/AppData/Local/Programs/MiKTeX2/tex/generic/pgf/basiclayer/pgfco
retransparency.code.tex
File: pgfcoretransparency.code.tex 2025-08-29 v3.1.11a (3.1.11a)
)
(C:/Users/ghfhv/AppData/Local/Programs/MiKTeX2/tex/generic/pgf/basiclayer/pgfco
repatterns.code.tex
File: pgfcorepatterns.code.tex 2025-08-29 v3.1.11a (3.1.11a)
)
(C:/Users/ghfhv/AppData/Local/Programs/MiKTeX2/tex/generic/pgf/basiclayer/pgfco
rerdf.code.tex
File: pgfcorerdf.code.tex 2025-08-29 v3.1.11a (3.1.11a)
)))
(C:/Users/ghfhv/AppData/Local/Programs/MiKTeX2/tex/generic/pgf/modules/pgfmodul
eshapes.code.tex
File: pgfmoduleshapes.code.tex 2025-08-29 v3.1.11a (3.1.11a)
\pgfnodeparttextbox=\box60
)
(C:/Users/ghfhv/AppData/Local/Programs/MiKTeX2/tex/generic/pgf/modules/pgfmodul
eplot.code.tex
File: pgfmoduleplot.code.tex 2025-08-29 v3.1.11a (3.1.11a)
)
(C:/Users/ghfhv/AppData/Local/Programs/MiKTeX2/tex/latex/pgf/compatibility/pgfc
omp-version-0-65.sty
Package: pgfcomp-version-0-65 2025-08-29 v3.1.11a (3.1.11a)
\pgf@nodesepstart=\dimen187
\pgf@nodesepend=\dimen188
)
(C:/Users/ghfhv/AppData/Local/Programs/MiKTeX2/tex/latex/pgf/compatibility/pgfc
omp-version-1-18.sty
Package: pgfcomp-version-1-18 2025-08-29 v3.1.11a (3.1.11a)
))
(C:/Users/ghfhv/AppData/Local/Programs/MiKTeX2/tex/latex/pgf/utilities/pgffor.s
ty
(C:/Users/ghfhv/AppData/Local/Programs/MiKTeX2/tex/latex/pgf/utilities/pgfkeys.
sty
(C:/Users/ghfhv/AppData/Local/Programs/MiKTeX2/tex/generic/pgf/utilities/pgfkey
s.code.tex))
(C:/Users/ghfhv/AppData/Local/Programs/MiKTeX2/tex/latex/pgf/math/pgfmath.sty
(C:/Users/ghfhv/AppData/Local/Programs/MiKTeX2/tex/generic/pgf/math/pgfmath.cod
e.tex))
(C:/Users/ghfhv/AppData/Local/Programs/MiKTeX2/tex/generic/pgf/utilities/pgffor
.code.tex
Package: pgffor 2025-08-29 v3.1.11a (3.1.11a)
\pgffor@iter=\dimen189
\pgffor@skip=\dimen190
\pgffor@stack=\toks30
\pgffor@toks=\toks31
))
(C:/Users/ghfhv/AppData/Local/Programs/MiKTeX2/tex/generic/pgf/frontendlayer/ti
kz/tikz.code.tex
Package: tikz 2025-08-29 v3.1.11a (3.1.11a)

(C:/Users/ghfhv/AppData/Local/Programs/MiKTeX2/tex/generic/pgf/libraries/pgflib
raryplothandlers.code.tex
File: pgflibraryplothandlers.code.tex 2025-08-29 v3.1.11a (3.1.11a)
\pgf@plot@mark@count=\count296
\pgfplotmarksize=\dimen191
)
\tikz@lastx=\dimen192
\tikz@lasty=\dimen193
\tikz@lastxsaved=\dimen194
\tikz@lastysaved=\dimen195
\tikz@lastmovetox=\dimen196
\tikz@lastmovetoy=\dimen197
\tikzleveldistance=\dimen198
\tikzsiblingdistance=\dimen199
\tikz@figbox=\box61
\tikz@figbox@bg=\box62
\tikz@tempbox=\box63
\tikz@tempbox@bg=\box64
\tikztreelevel=\count297
\tikznumberofchildren=\count298
\tikznumberofcurrentchild=\count299
\tikz@fig@count=\count300

(C:/Users/ghfhv/AppData/Local/Programs/MiKTeX2/tex/generic/pgf/modules/pgfmodul
ematrix.code.tex
File: pgfmodulematrix.code.tex 2025-08-29 v3.1.11a (3.1.11a)
\pgfmatrixcurrentrow=\count301
\pgfmatrixcurrentcolumn=\count302
\pgf@matrix@numberofcolumns=\count303
)
\tikz@expandcount=\count304

(C:/Users/ghfhv/AppData/Local/Programs/MiKTeX2/tex/generic/pgf/frontendlayer/ti
kz/libraries/tikzlibrarytopaths.code.tex
File: tikzlibrarytopaths.code.tex 2025-08-29 v3.1.11a (3.1.11a)
)))
(C:/Users/ghfhv/AppData/Local/Programs/MiKTeX2/tex/generic/chemfig/chemfig.tex
(C:/Users/ghfhv/AppData/Local/Programs/MiKTeX2/tex/generic/simplekv/simplekv.te
x
Package: simplekv 2025/06/15 v0.32 Simple keyval package (CT)
)
(C:/Users/ghfhv/AppData/Local/Programs/MiKTeX2/tex/generic/pgf/libraries/pgflib
raryarrows.meta.code.tex
File: pgflibraryarrows.meta.code.tex 2025-08-29 v3.1.11a (3.1.11a)
\pgfarrowinset=\dimen256
\pgfarrowlength=\dimen257
\pgfarrowwidth=\dimen258
\pgfarrowlinewidth=\dimen259
)
\CF_cnt_atomgroup=\count305
\CF_cnt_group=\count306
\CF_cnt_atom=\count307
\CF_cnt_cycle=\count308
\CF_cnt_cyclebonds=\count309
\CF_cnt_compound=\count310
\CF_dim=\dimen260
\CF_turnangle=\dimen261
\CF_arrowsize=\dimen262
\CF_zero=\dimen263
\CF_box=\box65
\CF_boxstuff=\box66
\CF_testbox=\box67
\CF_chargebox=\box68
\CF_substtoks=\toks32
\CF_harrow_boxup=\box69
\CF_harrow_boxdown=\box70
\CF_hreact_cnt=\count311
)
Package: chemfig 2025/10/30 v1.71 Draw molecule with an easy syntax (CT)
)
(C:/Users/ghfhv/AppData/Local/Programs/MiKTeX2/tex/latex/l3backend/l3backend-lu
atex.def
File: l3backend-luatex.def 2025-10-09 L3 backend support: PDF output (LuaTeX)
\l__color_backend_stack_int=\count312
Inserting `l3color' in `luaotfload.parse_color'.) (./estere.aux)
\openout1 = estere.aux

LaTeX Font Info:    Checking defaults for OML/cmm/m/it on input line 7.
LaTeX Font Info:    ... okay on input line 7.
LaTeX Font Info:    Checking defaults for OMS/cmsy/m/n on input line 7.
LaTeX Font Info:    ... okay on input line 7.
LaTeX Font Info:    Checking defaults for OT1/cmr/m/n on input line 7.
LaTeX Font Info:    ... okay on input line 7.
LaTeX Font Info:    Checking defaults for T1/cmr/m/n on input line 7.
LaTeX Font Info:    ... okay on input line 7.
LaTeX Font Info:    Checking defaults for TS1/cmr/m/n on input line 7.
LaTeX Font Info:    ... okay on input line 7.
LaTeX Font Info:    Checking defaults for TU/lmr/m/n on input line 7.
LaTeX Font Info:    ... okay on input line 7.
LaTeX Font Info:    Checking defaults for OMX/cmex/m/n on input line 7.
LaTeX Font Info:    ... okay on input line 7.
LaTeX Font Info:    Checking defaults for U/cmr/m/n on input line 7.
LaTeX Font Info:    ... okay on input line 7.

(C:/Users/ghfhv/AppData/Local/Programs/MiKTeX2/tex/context/base/mkii/supp-pdf.m
kii
[Loading MPS to PDF converter (version 2006.09.02).]
\scratchcounter=\count313
\scratchdimen=\dimen264
\scratchbox=\box71
\nofMPsegments=\count314
\nofMParguments=\count315
\everyMPshowfont=\toks33
\MPscratchCnt=\count316
\MPscratchDim=\dimen265
\MPnumerator=\count317
\makeMPintoPDFobject=\count318
\everyMPtoPDFconversion=\toks34
)
(C:/Users/ghfhv/AppData/Local/Programs/MiKTeX2/tex/latex/epstopdf-pkg/epstopdf-
base.sty
Package: epstopdf-base 2020-01-24 v2.11 Base part for package epstopdf
Package epstopdf-base Info: Redefining graphics rule for `.eps' on input line 4
85.

(C:/Users/ghfhv/AppData/Local/Programs/MiKTeX2/tex/latex/00miktex/epstopdf-sys.
cfg
File: epstopdf-sys.cfg 2021/03/18 v2.0 Configuration of epstopdf for MiKTeX
))
LaTeX Font Info:    External font `cmex10' loaded for size
(Font)              <7> on input line 54.
LaTeX Font Info:    External font `cmex10' loaded for size
(Font)              <5> on input line 54.
 [1


Non-PDF special ignored!{C:/Users/ghfhv/AppData/Local/MiKTeX/fonts/map/pdftex/pd
ftex.map}] (./estere.aux)
 ***********
LaTeX2e <2025-11-01>
L3 programming layer <2025-12-24>
 ***********
)

Here is how much of LuaTeX's memory you used:
 14249 strings out of 476081
 100000,794899 words of node,token memory allocated
 6574 words of node memory still in use:
   155 hlist, 1 vlist, 1 rule, 16 math, 283 glue, 3 kern, 21 glyph, 491 attribut
e, 48 glue_spec, 491 attribute_list, 3 write, 1 save_pos, 200 pdf_literal, 6 pdf
_colorstack nodes
   avail lists: 2:38,3:409,4:24,5:22,6:2,7:660,8:11,9:326,11:1
 36300 multiletter control sequences out of 65536+600000
 25 fonts using 1345055 bytes
 117i,7n,114p,422b,754s stack positions out of 10000i,1000n,20000p,200000b,200000s
<C:/Users/ghfhv/AppData/Local/Programs/MiKTeX2/fonts/type1/public/amsfonts/cm/cm
r10.pfb><C:/Users/ghfhv/AppData/Local/Programs/MiKTeX2/fonts/type1/public/amsfon
ts/cm/cmr7.pfb><C:/Users/ghfhv/AppData/Local/Programs/MiKTeX2/fonts/type1/public
/amsfonts/cm/cmsy10.pfb>
Output written on estere.pdf (1 page, 26791 bytes).

PDF statistics: 21 PDF objects out of 1000 (max. 8388607)
 0 named destinations out of 1000 (max. 1048576)
 16 words of extra memory for PDF output out of 10000 (max. 100000000)

